This file contains any messages produced by compilers while
running configure, to aid debugging if configure makes a mistake.

It was created by resample configure 1.8.1, which was
generated by GNU Autoconf 2.65.  Invocation command line was

  $ ./configure 

## --------- ##
## Platform. ##
## --------- ##

hostname = Jun
uname -m = x86_64
uname -r = 4.10.0-42-generic
uname -s = Linux
uname -v = #46~16.04.1-Ubuntu SMP Mon Dec 4 15:57:59 UTC 2017

/usr/bin/uname -p = unknown
/bin/uname -X     = unknown

/bin/arch              = unknown
/usr/bin/arch -k       = unknown
/usr/convex/getsysinfo = unknown
/usr/bin/hostinfo      = unknown
/bin/machine           = unknown
/usr/bin/oslevel       = unknown
/bin/universe          = unknown

PATH: /opt/jdk1.9/bin
PATH: /usr/local/sbin
PATH: /usr/local/bin
PATH: /usr/sbin
PATH: /usr/bin
PATH: /sbin
PATH: /bin
PATH: /usr/games
PATH: /usr/local/games
PATH: /opt/android_ndk_r14-linux/android-ndk-r14/toolchains/arm-linux-androideabi-4.9/prebuilt/linux-x86_64/bin
PATH: /opt/android_ndk_r14-linux/android-ndk-r14/toolchains/aarch64-linux-android-4.9/prebuilt/linux-x86_64/bin
PATH: /opt/android_ndk_r14-linux/android-ndk-r14/toolchains/mips64el-linux-android-4.9/prebuilt/linux-x86_64/bin
PATH: /opt/android_ndk_r14-linux/android-ndk-r14/toolchains/mipsel-linux-android-4.9/prebuilt/linux-x86_64/bin
PATH: /opt/android_ndk_r14-linux/android-ndk-r14/toolchains/x86-4.9/prebuilt/linux-x86_64/bin
PATH: /opt/android_ndk_r14-linux/android-ndk-r14/toolchains/x86_64-4.9/prebuilt/linux-x86_64/bin


## ----------- ##
## Core tests. ##
## ----------- ##

configure:2194: checking for a BSD-compatible install
configure:2262: result: /usr/bin/install -c
configure:2273: checking whether build environment is sane
configure:2310: result: yes
configure:2340: checking for gawk
configure:2370: result: no
configure:2340: checking for mawk
configure:2356: found /usr/bin/mawk
configure:2367: result: mawk
configure:2378: checking whether make sets $(MAKE)
configure:2400: result: yes
configure:2629: checking for gcc
configure:2645: found /usr/bin/gcc
configure:2656: result: gcc
configure:2885: checking for C compiler version
configure:2894: gcc --version >&5
gcc (Ubuntu 5.4.0-6ubuntu1~16.04.5) 5.4.0 20160609
Copyright (C) 2015 Free Software Foundation, Inc.
This is free software; see the source for copying conditions.  There is NO
warranty; not even for MERCHANTABILITY or FITNESS FOR A PARTICULAR PURPOSE.

configure:2905: $? = 0
configure:2894: gcc -v >&5
Using built-in specs.
COLLECT_GCC=gcc
COLLECT_LTO_WRAPPER=/usr/lib/gcc/x86_64-linux-gnu/5/lto-wrapper
Target: x86_64-linux-gnu
Configured with: ../src/configure -v --with-pkgversion='Ubuntu 5.4.0-6ubuntu1~16.04.5' --with-bugurl=file:///usr/share/doc/gcc-5/README.Bugs --enable-languages=c,ada,c++,java,go,d,fortran,objc,obj-c++ --prefix=/usr --program-suffix=-5 --enable-shared --enable-linker-build-id --libexecdir=/usr/lib --without-included-gettext --enable-threads=posix --libdir=/usr/lib --enable-nls --with-sysroot=/ --enable-clocale=gnu --enable-libstdcxx-debug --enable-libstdcxx-time=yes --with-default-libstdcxx-abi=new --enable-gnu-unique-object --disable-vtable-verify --enable-libmpx --enable-plugin --with-system-zlib --disable-browser-plugin --enable-java-awt=gtk --enable-gtk-cairo --with-java-home=/usr/lib/jvm/java-1.5.0-gcj-5-amd64/jre --enable-java-home --with-jvm-root-dir=/usr/lib/jvm/java-1.5.0-gcj-5-amd64 --with-jvm-jar-dir=/usr/lib/jvm-exports/java-1.5.0-gcj-5-amd64 --with-arch-directory=amd64 --with-ecj-jar=/usr/share/java/eclipse-ecj.jar --enable-objc-gc --enable-multiarch --disable-werror --with-arch-32=i686 --with-abi=m64 --with-multilib-list=m32,m64,mx32 --enable-multilib --with-tune=generic --enable-checking=release --build=x86_64-linux-gnu --host=x86_64-linux-gnu --target=x86_64-linux-gnu
Thread model: posix
gcc version 5.4.0 20160609 (Ubuntu 5.4.0-6ubuntu1~16.04.5) 
configure:2905: $? = 0
configure:2894: gcc -V >&5
gcc: error: unrecognized command line option '-V'
gcc: fatal error: no input files
compilation terminated.
configure:2905: $? = 1
configure:2894: gcc -qversion >&5
gcc: error: unrecognized command line option '-qversion'
gcc: fatal error: no input files
compilation terminated.
configure:2905: $? = 1
configure:2925: checking whether the C compiler works
configure:2947: gcc    conftest.c  >&5
configure:2951: $? = 0
configure:3000: result: yes
configure:3003: checking for C compiler default output file name
configure:3005: result: a.out
configure:3011: checking for suffix of executables
configure:3018: gcc -o conftest    conftest.c  >&5
configure:3022: $? = 0
configure:3044: result: 
configure:3066: checking whether we are cross compiling
configure:3074: gcc -o conftest    conftest.c  >&5
configure:3078: $? = 0
configure:3085: ./conftest
configure:3089: $? = 0
configure:3104: result: no
configure:3109: checking for suffix of object files
configure:3131: gcc -c   conftest.c >&5
configure:3135: $? = 0
configure:3156: result: o
configure:3160: checking whether we are using the GNU C compiler
configure:3179: gcc -c   conftest.c >&5
configure:3179: $? = 0
configure:3188: result: yes
configure:3197: checking whether gcc accepts -g
configure:3217: gcc -c -g  conftest.c >&5
configure:3217: $? = 0
configure:3258: result: yes
configure:3275: checking for gcc option to accept ISO C89
configure:3339: gcc  -c -g -O2  conftest.c >&5
configure:3339: $? = 0
configure:3352: result: none needed
configure:3383: checking for style of include used by make
configure:3411: result: GNU
configure:3439: checking dependency style of gcc
configure:3522: result: gcc3
configure:3582: checking for ranlib
configure:3598: found /usr/bin/ranlib
configure:3609: result: ranlib
configure:3636: checking for main in -lm
configure:3655: gcc -o conftest -g -O2   conftest.c -lm   >&5
configure:3655: $? = 0
configure:3664: result: yes
configure:3682: checking how to run the C preprocessor
configure:3713: gcc -E  conftest.c
configure:3713: $? = 0
configure:3727: gcc -E  conftest.c
conftest.c:12:28: fatal error: ac_nonexistent.h: No such file or directory
compilation terminated.
configure:3727: $? = 1
configure: failed program was:
| /* confdefs.h */
| #define PACKAGE_NAME "resample"
| #define PACKAGE_TARNAME "resample"
| #define PACKAGE_VERSION "1.8.1"
| #define PACKAGE_STRING "resample 1.8.1"
| #define PACKAGE_BUGREPORT "resample-bugs@w3k.org"
| #define PACKAGE_URL ""
| #define PACKAGE "resample"
| #define VERSION "1.8.1"
| #define HAVE_LIBM 1
| /* end confdefs.h.  */
| #include <ac_nonexistent.h>
configure:3752: result: gcc -E
configure:3772: gcc -E  conftest.c
configure:3772: $? = 0
configure:3786: gcc -E  conftest.c
conftest.c:12:28: fatal error: ac_nonexistent.h: No such file or directory
compilation terminated.
configure:3786: $? = 1
configure: failed program was:
| /* confdefs.h */
| #define PACKAGE_NAME "resample"
| #define PACKAGE_TARNAME "resample"
| #define PACKAGE_VERSION "1.8.1"
| #define PACKAGE_STRING "resample 1.8.1"
| #define PACKAGE_BUGREPORT "resample-bugs@w3k.org"
| #define PACKAGE_URL ""
| #define PACKAGE "resample"
| #define VERSION "1.8.1"
| #define HAVE_LIBM 1
| /* end confdefs.h.  */
| #include <ac_nonexistent.h>
configure:3815: checking for grep that handles long lines and -e
configure:3873: result: /bin/grep
configure:3878: checking for egrep
configure:3940: result: /bin/grep -E
configure:3945: checking for ANSI C header files
configure:3965: gcc -c -g -O2  conftest.c >&5
configure:3965: $? = 0
configure:4038: gcc -o conftest -g -O2   conftest.c -lm  >&5
configure:4038: $? = 0
configure:4038: ./conftest
configure:4038: $? = 0
configure:4049: result: yes
configure:4062: checking for sys/types.h
configure:4062: gcc -c -g -O2  conftest.c >&5
configure:4062: $? = 0
configure:4062: result: yes
configure:4062: checking for sys/stat.h
configure:4062: gcc -c -g -O2  conftest.c >&5
configure:4062: $? = 0
configure:4062: result: yes
configure:4062: checking for stdlib.h
configure:4062: gcc -c -g -O2  conftest.c >&5
configure:4062: $? = 0
configure:4062: result: yes
configure:4062: checking for string.h
configure:4062: gcc -c -g -O2  conftest.c >&5
configure:4062: $? = 0
configure:4062: result: yes
configure:4062: checking for memory.h
configure:4062: gcc -c -g -O2  conftest.c >&5
configure:4062: $? = 0
configure:4062: result: yes
configure:4062: checking for strings.h
configure:4062: gcc -c -g -O2  conftest.c >&5
configure:4062: $? = 0
configure:4062: result: yes
configure:4062: checking for inttypes.h
configure:4062: gcc -c -g -O2  conftest.c >&5
configure:4062: $? = 0
configure:4062: result: yes
configure:4062: checking for stdint.h
configure:4062: gcc -c -g -O2  conftest.c >&5
configure:4062: $? = 0
configure:4062: result: yes
configure:4062: checking for unistd.h
configure:4062: gcc -c -g -O2  conftest.c >&5

## ---------------- ##
## Cache variables. ##
## ---------------- ##

ac_cv_c_compiler_gnu=yes
ac_cv_env_CC_set=
ac_cv_env_CC_value=
ac_cv_env_CFLAGS_set=
ac_cv_env_CFLAGS_value=
ac_cv_env_CPPFLAGS_set=
ac_cv_env_CPPFLAGS_value=
ac_cv_env_CPP_set=
ac_cv_env_CPP_value=
ac_cv_env_LDFLAGS_set=
ac_cv_env_LDFLAGS_value=
ac_cv_env_LIBS_set=
ac_cv_env_LIBS_value=
ac_cv_env_build_alias_set=
ac_cv_env_build_alias_value=
ac_cv_env_host_alias_set=
ac_cv_env_host_alias_value=
ac_cv_env_target_alias_set=
ac_cv_env_target_alias_value=
ac_cv_header_inttypes_h=yes
ac_cv_header_memory_h=yes
ac_cv_header_stdc=yes
ac_cv_header_stdint_h=yes
ac_cv_header_stdlib_h=yes
ac_cv_header_string_h=yes
ac_cv_header_strings_h=yes
ac_cv_header_sys_stat_h=yes
ac_cv_header_sys_types_h=yes
ac_cv_lib_m_main=yes
ac_cv_objext=o
ac_cv_path_EGREP='/bin/grep -E'
ac_cv_path_GREP=/bin/grep
ac_cv_path_install='/usr/bin/install -c'
ac_cv_prog_AWK=mawk
ac_cv_prog_CPP='gcc -E'
ac_cv_prog_ac_ct_CC=gcc
ac_cv_prog_ac_ct_RANLIB=ranlib
ac_cv_prog_cc_c89=
ac_cv_prog_cc_g=yes
ac_cv_prog_make_make_set=yes
am_cv_CC_dependencies_compiler_type=gcc3

## ----------------- ##
## Output variables. ##
## ----------------- ##

ACLOCAL='${SHELL} /home/listen/codingDir/Greate_Code/resample-1.8.1/missing --run aclocal-1.7'
ALLOCA=''
AMDEPBACKSLASH='\'
AMDEP_FALSE='#'
AMDEP_TRUE=''
AMTAR='${SHELL} /home/listen/codingDir/Greate_Code/resample-1.8.1/missing --run tar'
AUTOCONF='${SHELL} /home/listen/codingDir/Greate_Code/resample-1.8.1/missing --run autoconf'
AUTOHEADER='${SHELL} /home/listen/codingDir/Greate_Code/resample-1.8.1/missing --run autoheader'
AUTOMAKE='${SHELL} /home/listen/codingDir/Greate_Code/resample-1.8.1/missing --run automake-1.7'
AWK='mawk'
CC='gcc'
CCDEPMODE='depmode=gcc3'
CFLAGS='-g -O2'
CPP='gcc -E'
CPPFLAGS=''
CYGPATH_W='echo'
DEFS=''
DEPDIR='.deps'
ECHO_C=''
ECHO_N='-n'
ECHO_T=''
EGREP='/bin/grep -E'
EXEEXT=''
GREP='/bin/grep'
INSTALL_DATA='${INSTALL} -m 644'
INSTALL_PROGRAM='${INSTALL}'
INSTALL_SCRIPT='${INSTALL}'
INSTALL_STRIP_PROGRAM='${SHELL} $(install_sh) -c -s'
LDFLAGS=''
LIBOBJS=''
LIBS='-lm '
LTLIBOBJS=''
MAKEINFO='${SHELL} /home/listen/codingDir/Greate_Code/resample-1.8.1/missing --run makeinfo'
OBJEXT='o'
PACKAGE='resample'
PACKAGE_BUGREPORT='resample-bugs@w3k.org'
PACKAGE_NAME='resample'
PACKAGE_STRING='resample 1.8.1'
PACKAGE_TARNAME='resample'
PACKAGE_URL=''
PACKAGE_VERSION='1.8.1'
PATH_SEPARATOR=':'
RANLIB='ranlib'
SET_MAKE=''
SHELL='/bin/bash'
STRIP=''
VERSION='1.8.1'
ac_ct_CC='gcc'
am__fastdepCC_FALSE='#'
am__fastdepCC_TRUE=''
am__include='include'
am__leading_dot='.'
am__quote=''
bindir='${exec_prefix}/bin'
build_alias=''
datadir='${datarootdir}'
datarootdir='${prefix}/share'
docdir='${datarootdir}/doc/${PACKAGE_TARNAME}'
dvidir='${docdir}'
exec_prefix='NONE'
host_alias=''
htmldir='${docdir}'
includedir='${prefix}/include'
infodir='${datarootdir}/info'
install_sh='/home/listen/codingDir/Greate_Code/resample-1.8.1/install-sh'
libdir='${exec_prefix}/lib'
libexecdir='${exec_prefix}/libexec'
localedir='${datarootdir}/locale'
localstatedir='${prefix}/var'
mandir='${datarootdir}/man'
oldincludedir='/usr/include'
pdfdir='${docdir}'
prefix='NONE'
program_transform_name='s,x,x,'
psdir='${docdir}'
sbindir='${exec_prefix}/sbin'
sharedstatedir='${prefix}/com'
sysconfdir='${prefix}/etc'
target_alias=''

## ----------- ##
## confdefs.h. ##
## ----------- ##

/* confdefs.h */
#define PACKAGE_NAME "resample"
#define PACKAGE_TARNAME "resample"
#define PACKAGE_VERSION "1.8.1"
#define PACKAGE_STRING "resample 1.8.1"
#define PACKAGE_BUGREPORT "resample-bugs@w3k.org"
#define PACKAGE_URL ""
#define PACKAGE "resample"
#define VERSION "1.8.1"
#define HAVE_LIBM 1
#define STDC_HEADERS 1
#define HAVE_SYS_TYPES_H 1
#define HAVE_SYS_STAT_H 1
#define HAVE_STDLIB_H 1
#define HAVE_STRING_H 1
#define HAVE_MEMORY_H 1
#define HAVE_STRINGS_H 1
#define HAVE_INTTYPES_H 1
#define HAVE_STDINT_H 1

configure: caught signal 2
configure: exit 1

## ---------------------- ##
## Running config.status. ##
## ---------------------- ##

This file was extended by resample config.status 1.8.1, which was
generated by GNU Autoconf 2.65.  Invocation command line was

  CONFIG_FILES    = 
  CONFIG_HEADERS  = 
  CONFIG_LINKS    = 
  CONFIG_COMMANDS = 
  $ ./config.status src/Makefile depfiles

on Jun

config.status:879: creating src/Makefile
config.status:1092: executing depfiles commands
